Arguments: 
  /usr/local/bin/node /usr/local/Cellar/yarn/1.1.0/libexec/bin/yarn.js install

PATH: 
  /Users/sarahdenaci/torch/install/bin:/Users/sarahdenaci/Library/Python/3.6/bin:/Library/Frameworks/Python.framework/Versions/3.6/bin:/Library/Frameworks/Python.framework/Versions/3.6/bin:/Library/Frameworks/Python.framework/Versions/3.6/bin:/Library/Frameworks/Python.framework/Versions/2.7/bin:/usr/local/bin:/usr/local/bin:/usr/bin:/bin:/usr/sbin:/sbin:/opt/X11/bin:/Applications/Postgres.app/Contents/Versions/latest/bin:/Users/sarahdenaci/torch/install/bin:/Users/sarahdenaci/torch/install/bin

Yarn version: 
  1.1.0

Node version: 
  8.5.0

Platform: 
  darwin x64

npm manifest: 
  {
    "name": "functions",
    "description": "Firebase Functions",
    "dependencies": {
      "firebase": "^3.1",
      "firebase-functions": "https://storage.googleapis.com/firebase-preview-drop/node/firebase-functions/firebase-functions-preview.latest.tar.gz"
    }
  }

yarn manifest: 
  No manifest

Lockfile: 
  No lockfile

Trace: 
  Error: https://storage.googleapis.com/firebase-preview-drop/node/firebase-functions/firebase-functions-preview.latest.tar.gz: Request failed "403 Forbidden"
      at Request.<anonymous> (/usr/local/Cellar/yarn/1.1.0/libexec/lib/cli.js:59051:26)
      at emitOne (events.js:115:13)
      at Request.emit (events.js:210:7)
      at Request.module.exports.Request.onRequestResponse (/usr/local/Cellar/yarn/1.1.0/libexec/lib/cli.js:122803:10)
      at emitOne (events.js:115:13)
      at ClientRequest.emit (events.js:210:7)
      at HTTPParser.parserOnIncomingClient (_http_client.js:565:21)
      at HTTPParser.parserOnHeadersComplete (_http_common.js:116:23)
      at TLSSocket.socketOnData (_http_client.js:454:20)
      at emitOne (events.js:115:13)
